<?xml version="1.0" encoding="UTF-8"?>
<testsuite xmlns:xsi="http://www.w3.org/2001/XMLSchema-instance" xsi:noNamespaceSchemaLocation="https://maven.apache.org/surefire/maven-surefire-plugin/xsd/surefire-test-report-3.0.xsd" version="3.0" name="br.com.munizsoares.DesafioJavaApplicationTests" time="4.394" tests="1" errors="0" skipped="0" failures="0">
  <properties>
[...]
</properties>
  <testcase name="contextLoads" classname="br.com.munizsoares.DesafioJavaApplicationTests" time="0.48">
    <system-out><![CDATA[00:32:49.213 [main] INFO org.springframework.test.context.support.AnnotationConfigContextLoaderUtils -- Could not detect default configuration classes for test class [br.com.munizsoares.DesafioJavaApplicationTests]: DesafioJavaApplicationTests does not declare any static, non-private, non-final, nested classes annotated with @Configuration.
00:32:49.291 [main] INFO org.springframework.boot.test.context.SpringBootTestContextBootstrapper -- Found @SpringBootConfiguration br.com.munizsoares.DesafioJavaApplication for test class br.com.munizsoares.DesafioJavaApplicationTests
00:32:49.412 [main] INFO org.springframework.boot.devtools.restart.RestartApplicationListener -- Restart disabled due to context in which it is running

  .   ____          _            __ _ _
 /\\ / ___'_ __ _ _(_)_ __  __ _ \ \ \ \
( ( )\___ | '_ | '_| | '_ \/ _` | \ \ \ \
 \\/  ___)| |_)| | | | | || (_| |  ) ) ) )
  '  |____| .__|_| |_|_| |_\__, | / / / /
 =========|_|==============|___/=/_/_/_/
 :: Spring Boot ::                (v3.2.4)

2024-04-21T00:32:49.683-03:00  INFO 3203965 --- [desafio] [           main] b.c.m.DesafioJavaApplicationTests        : Starting DesafioJavaApplicationTests using Java 17.0.9 with PID 3203965 (started by jsn in /home/jsn/Desktop/Dev/java/desafio-java)
2024-04-21T00:32:49.684-03:00  INFO 3203965 --- [desafio] [           main] b.c.m.DesafioJavaApplicationTests        : No active profile set, falling back to 1 default profile: "default"
2024-04-21T00:32:50.304-03:00  INFO 3203965 --- [desafio] [           main] .s.d.r.c.RepositoryConfigurationDelegate : Bootstrapping Spring Data JPA repositories in DEFAULT mode.
2024-04-21T00:32:50.353-03:00  INFO 3203965 --- [desafio] [           main] .s.d.r.c.RepositoryConfigurationDelegate : Finished Spring Data repository scanning in 44 ms. Found 3 JPA repository interfaces.
2024-04-21T00:32:50.720-03:00  INFO 3203965 --- [desafio] [           main] com.zaxxer.hikari.HikariDataSource       : HikariPool-1 - Starting...
2024-04-21T00:32:50.994-03:00  INFO 3203965 --- [desafio] [           main] com.zaxxer.hikari.pool.HikariPool        : HikariPool-1 - Added connection org.postgresql.jdbc.PgConnection@44aa2e13
2024-04-21T00:32:50.995-03:00  INFO 3203965 --- [desafio] [           main] com.zaxxer.hikari.HikariDataSource       : HikariPool-1 - Start completed.
2024-04-21T00:32:51.055-03:00  INFO 3203965 --- [desafio] [           main] o.hibernate.jpa.internal.util.LogHelper  : HHH000204: Processing PersistenceUnitInfo [name: default]
2024-04-21T00:32:51.097-03:00  INFO 3203965 --- [desafio] [           main] org.hibernate.Version                    : HHH000412: Hibernate ORM core version 6.4.4.Final
2024-04-21T00:32:51.133-03:00  INFO 3203965 --- [desafio] [           main] o.h.c.internal.RegionFactoryInitiator    : HHH000026: Second-level cache disabled
2024-04-21T00:32:51.327-03:00  INFO 3203965 --- [desafio] [           main] o.s.o.j.p.SpringPersistenceUnitInfo      : No LoadTimeWeaver setup: ignoring JPA class transformer
2024-04-21T00:32:52.038-03:00  INFO 3203965 --- [desafio] [           main] o.h.e.t.j.p.i.JtaPlatformInitiator       : HHH000489: No JTA platform available (set 'hibernate.transaction.jta.platform' to enable JTA platform integration)
2024-04-21T00:32:52.041-03:00  INFO 3203965 --- [desafio] [           main] j.LocalContainerEntityManagerFactoryBean : Initialized JPA EntityManagerFactory for persistence unit 'default'
2024-04-21T00:32:52.276-03:00  INFO 3203965 --- [desafio] [           main] o.s.d.j.r.query.QueryEnhancerFactory     : Hibernate is in classpath; If applicable, HQL parser will be used.
2024-04-21T00:32:52.599-03:00  WARN 3203965 --- [desafio] [           main] JpaBaseConfiguration$JpaWebConfiguration : spring.jpa.open-in-view is enabled by default. Therefore, database queries may be performed during view rendering. Explicitly configure spring.jpa.open-in-view to disable this warning
2024-04-21T00:32:52.969-03:00  INFO 3203965 --- [desafio] [           main] b.c.m.DesafioJavaApplicationTests        : Started DesafioJavaApplicationTests in 3.565 seconds (process running for 4.314)
]]></system-out>
  </testcase>
</testsuite>